<?xml version="1.0" encoding="UTF-8"?>
<!-- Generated by org.testng.reporters.JUnitXMLReporter -->
<testsuite hostname="ip-172-31-19-117" ignored="0" name="Regression" tests="6" failures="0" timestamp="2020-06-06T17:38:54 UTC" time="0.048" errors="0">
  <testcase name="Login" time="0.005" classname="com.annotations.TestAnnotations"/>
  <testcase name="AccountEnquiry" time="0.001" classname="com.annotations.TestAnnotations"/>
  <testcase name="FundTransfer" time="0.001" classname="com.annotations.TestAnnotations"/>
  <testcase name="Login" time="0.002" classname="com.annotations.TestAnnotations2"/>
  <testcase name="AccountEnquiry" time="0.001" classname="com.annotations.TestAnnotations2"/>
  <testcase name="FundTransfer" time="0.001" classname="com.annotations.TestAnnotations2"/>
</testsuite> <!-- Regression -->
