<?xml version="1.0" encoding="UTF-8"?>
<!-- Generated by org.testng.reporters.JUnitXMLReporter -->
<testsuite hostname="ip-172-31-19-117" ignored="0" name="Test" tests="8" failures="0" timestamp="2020-06-06T17:34:58 UTC" time="0.13" errors="0">
  <testcase name="Test1" time="0.007" classname="com.testannotations.TestAnnotations"/>
  <testcase name="Test2" time="0.003" classname="com.testannotations.TestAnnotations"/>
  <testcase name="Login" time="0.002" classname="com.annotations.TestAnnotations"/>
  <testcase name="AccountEnquiry" time="0.001" classname="com.annotations.TestAnnotations"/>
  <testcase name="FundTransfer" time="0.002" classname="com.annotations.TestAnnotations"/>
  <testcase name="Login" time="0.001" classname="com.annotations.TestAnnotations2"/>
  <testcase name="AccountEnquiry" time="0.007" classname="com.annotations.TestAnnotations2"/>
  <testcase name="FundTransfer" time="0.005" classname="com.annotations.TestAnnotations2"/>
</testsuite> <!-- Test -->
