<?xml version="1.0" encoding="UTF-8"?>
<testng-results skipped="0" failed="0" ignored="0" total="6" passed="6">
  <reporter-output>
  </reporter-output>
  <suite name="Suite" duration-ms="116" started-at="2020-06-06T17:38:54 UTC" finished-at="2020-06-06T17:38:54 UTC">
    <groups>
    </groups>
    <test name="Smoke" duration-ms="32" started-at="2020-06-06T17:38:54 UTC" finished-at="2020-06-06T17:38:54 UTC">
      <class name="com.testannotations.TestAnnotations">
        <test-method status="PASS" signature="BeforeTest()[pri:0, instance:com.testannotations.TestAnnotations@64bfbc86]" name="BeforeTest" is-config="true" duration-ms="13" started-at="2020-06-06T17:38:54 UTC" finished-at="2020-06-06T17:38:54 UTC">
          <reporter-output>
          </reporter-output>
        </test-method> <!-- BeforeTest -->
        <test-method status="PASS" signature="AfterTest()[pri:0, instance:com.testannotations.TestAnnotations@64bfbc86]" name="AfterTest" is-config="true" duration-ms="1" started-at="2020-06-06T17:38:54 UTC" finished-at="2020-06-06T17:38:54 UTC">
          <reporter-output>
          </reporter-output>
        </test-method> <!-- AfterTest -->
      </class> <!-- com.testannotations.TestAnnotations -->
    </test> <!-- Smoke -->
    <test name="Regression" duration-ms="48" started-at="2020-06-06T17:38:54 UTC" finished-at="2020-06-06T17:38:54 UTC">
      <class name="com.annotations.TestAnnotations">
        <test-method status="PASS" signature="Login()[pri:0, instance:com.annotations.TestAnnotations@6e0e048a]" name="Login" duration-ms="5" started-at="2020-06-06T17:38:54 UTC" finished-at="2020-06-06T17:38:54 UTC">
          <reporter-output>
          </reporter-output>
        </test-method> <!-- Login -->
        <test-method status="PASS" signature="AccountEnquiry()[pri:1, instance:com.annotations.TestAnnotations@6e0e048a]" name="AccountEnquiry" duration-ms="1" started-at="2020-06-06T17:38:54 UTC" finished-at="2020-06-06T17:38:54 UTC">
          <reporter-output>
          </reporter-output>
        </test-method> <!-- AccountEnquiry -->
        <test-method status="PASS" signature="FundTransfer()[pri:2, instance:com.annotations.TestAnnotations@6e0e048a]" name="FundTransfer" duration-ms="1" started-at="2020-06-06T17:38:54 UTC" finished-at="2020-06-06T17:38:54 UTC">
          <reporter-output>
          </reporter-output>
        </test-method> <!-- FundTransfer -->
      </class> <!-- com.annotations.TestAnnotations -->
      <class name="com.annotations.TestAnnotations2">
        <test-method status="PASS" signature="Login()[pri:0, instance:com.annotations.TestAnnotations2@5bc79255]" name="Login" duration-ms="2" started-at="2020-06-06T17:38:54 UTC" finished-at="2020-06-06T17:38:54 UTC">
          <reporter-output>
          </reporter-output>
        </test-method> <!-- Login -->
        <test-method status="PASS" signature="AccountEnquiry()[pri:0, instance:com.annotations.TestAnnotations2@5bc79255]" name="AccountEnquiry" duration-ms="1" started-at="2020-06-06T17:38:54 UTC" depends-on-methods="com.annotations.TestAnnotations2.Login" finished-at="2020-06-06T17:38:54 UTC">
          <reporter-output>
          </reporter-output>
        </test-method> <!-- AccountEnquiry -->
        <test-method status="PASS" signature="FundTransfer()[pri:0, instance:com.annotations.TestAnnotations2@5bc79255]" name="FundTransfer" duration-ms="1" started-at="2020-06-06T17:38:54 UTC" depends-on-methods="com.annotations.TestAnnotations2.Login" finished-at="2020-06-06T17:38:54 UTC">
          <reporter-output>
          </reporter-output>
        </test-method> <!-- FundTransfer -->
      </class> <!-- com.annotations.TestAnnotations2 -->
    </test> <!-- Regression -->
  </suite> <!-- Suite -->
</testng-results>
